<?xml version="1.0" encoding="UTF-8"?>
<testsuite name="TestSuite" time="0.078" tests="1" errors="0" skipped="0" failures="1">
  <properties>
[...]
</properties>
  <testcase name="GoogleTest1" classname="ui.LoginPageAT" time="0.078">
    <failure message="The driver executable does not exist: /Users/val/Desktop/qastarting_repo/src/test/resources/chromedriver" type="java.lang.IllegalStateException"><![CDATA[java.lang.IllegalStateException: The driver executable does not exist: /Users/val/Desktop/qastarting_repo/src/test/resources/chromedriver
	at com.google.common.base.Preconditions.checkState(Preconditions.java:518)
	at org.openqa.selenium.remote.service.DriverService.checkExecutable(DriverService.java:136)
	at org.openqa.selenium.remote.service.DriverService.findExecutable(DriverService.java:131)
	at org.openqa.selenium.chrome.ChromeDriverService.access$000(ChromeDriverService.java:32)
	at org.openqa.selenium.chrome.ChromeDriverService$Builder.findDefaultExecutable(ChromeDriverService.java:137)
	at org.openqa.selenium.remote.service.DriverService$Builder.build(DriverService.java:330)
	at org.openqa.selenium.chrome.ChromeDriverService.createDefaultService(ChromeDriverService.java:88)
	at org.openqa.selenium.chrome.ChromeDriver.<init>(ChromeDriver.java:148)
	at web.driver.factory.DriverType$2.getWebDriverObject(DriverType.java:48)
	at web.driver.factory.DriverThread.instantiateWebDriver(DriverThread.java:45)
	at web.driver.factory.DriverThread.getDriver(DriverThread.java:17)
	at web.driver.factory.DriverFactory.getDriver(DriverFactory.java:42)
	at ui.LoginPageAT.GoogleTest1(LoginPageAT.java:47)
]]></failure>
    <system-out><![CDATA[

&amp#27;[42mMethod: GoogleTest1, time: 20.10 PM&amp#27;[0m
 
Current OS: MAC OS X
Current Architecture: x86_64
Current Browser Selection: CHROME
 
]]></system-out>
  </testcase>
</testsuite>