<?xml version="1.0" encoding="UTF-8"?>
<testng-results skipped="0" failed="1" ignored="0" total="1" passed="0">
  <reporter-output>
  </reporter-output>
  <suite name="Chrome" duration-ms="149" started-at="2019-05-06T03:10:33Z" finished-at="2019-05-06T03:10:33Z">
    <groups>
    </groups>
    <test name="regression" duration-ms="149" started-at="2019-05-06T03:10:33Z" finished-at="2019-05-06T03:10:33Z">
      <class name="ui.LoginPageAT">
        <test-method status="PASS" signature="instantiateDriverObject()[pri:0, instance:ui.LoginPageAT@78e67e0a]" name="instantiateDriverObject" is-config="true" duration-ms="11" started-at="2019-05-06T03:10:33Z" finished-at="2019-05-06T03:10:33Z">
          <reporter-output>
          </reporter-output>
        </test-method> <!-- instantiateDriverObject -->
        <test-method status="PASS" signature="beforeClass()[pri:0, instance:ui.LoginPageAT@78e67e0a]" name="beforeClass" is-config="true" duration-ms="0" started-at="2019-05-06T03:10:33Z" finished-at="2019-05-06T03:10:33Z">
          <reporter-output>
          </reporter-output>
        </test-method> <!-- beforeClass -->
        <test-method status="PASS" signature="setUpReport(java.lang.reflect.Method)[pri:0, instance:ui.LoginPageAT@78e67e0a]" name="setUpReport" is-config="true" duration-ms="19" started-at="2019-05-06T03:10:33Z" finished-at="2019-05-06T03:10:33Z">
          <params>
            <param index="0">
              <value>
                <![CDATA[public void ui.LoginPageAT.GoogleTest1(java.lang.String) throws java.lang.Exception]]>
              </value>
            </param>
          </params>
          <reporter-output>
          </reporter-output>
        </test-method> <!-- setUpReport -->
        <test-method status="FAIL" signature="GoogleTest1(java.lang.String)[pri:0, instance:ui.LoginPageAT@78e67e0a]" name="GoogleTest1" duration-ms="71" started-at="2019-05-06T03:10:33Z" finished-at="2019-05-06T03:10:33Z">
          <params>
            <param index="0">
              <value>
                <![CDATA[Chrome]]>
              </value>
            </param>
          </params>
          <exception class="java.lang.IllegalStateException">
            <message>
              <![CDATA[The driver executable does not exist: /Users/val/Desktop/qastarting_repo/src/test/resources/chromedriver]]>
            </message>
            <full-stacktrace>
              <![CDATA[java.lang.IllegalStateException: The driver executable does not exist: /Users/val/Desktop/qastarting_repo/src/test/resources/chromedriver
at com.google.common.base.Preconditions.checkState(Preconditions.java:518)
at org.openqa.selenium.remote.service.DriverService.checkExecutable(DriverService.java:136)
at org.openqa.selenium.remote.service.DriverService.findExecutable(DriverService.java:131)
at org.openqa.selenium.chrome.ChromeDriverService.access$000(ChromeDriverService.java:32)
at org.openqa.selenium.chrome.ChromeDriverService$Builder.findDefaultExecutable(ChromeDriverService.java:137)
at org.openqa.selenium.remote.service.DriverService$Builder.build(DriverService.java:330)
at org.openqa.selenium.chrome.ChromeDriverService.createDefaultService(ChromeDriverService.java:88)
at org.openqa.selenium.chrome.ChromeDriver.<init>(ChromeDriver.java:148)
at web.driver.factory.DriverType$2.getWebDriverObject(DriverType.java:48)
at web.driver.factory.DriverThread.instantiateWebDriver(DriverThread.java:45)
at web.driver.factory.DriverThread.getDriver(DriverThread.java:17)
at web.driver.factory.DriverFactory.getDriver(DriverFactory.java:42)
at ui.LoginPageAT.GoogleTest1(LoginPageAT.java:47)
at sun.reflect.NativeMethodAccessorImpl.invoke0(Native Method)
at sun.reflect.NativeMethodAccessorImpl.invoke(NativeMethodAccessorImpl.java:62)
at sun.reflect.DelegatingMethodAccessorImpl.invoke(DelegatingMethodAccessorImpl.java:43)
at java.lang.reflect.Method.invoke(Method.java:498)
at org.testng.internal.MethodInvocationHelper.invokeMethod(MethodInvocationHelper.java:124)
at org.testng.internal.Invoker.invokeMethod(Invoker.java:583)
at org.testng.internal.Invoker.invokeTestMethod(Invoker.java:719)
at org.testng.internal.Invoker.invokeTestMethods(Invoker.java:989)
at org.testng.internal.TestMethodWorker.invokeTestMethods(TestMethodWorker.java:125)
at org.testng.internal.TestMethodWorker.run(TestMethodWorker.java:109)
at java.util.concurrent.ThreadPoolExecutor.runWorker(ThreadPoolExecutor.java:1149)
at java.util.concurrent.ThreadPoolExecutor$Worker.run(ThreadPoolExecutor.java:624)
at java.lang.Thread.run(Thread.java:748)
]]>
            </full-stacktrace>
          </exception> <!-- java.lang.IllegalStateException -->
          <reporter-output>
          </reporter-output>
        </test-method> <!-- GoogleTest1 -->
        <test-method status="PASS" signature="clearCookies()[pri:0, instance:ui.LoginPageAT@78e67e0a]" name="clearCookies" is-config="true" duration-ms="0" started-at="2019-05-06T03:10:33Z" finished-at="2019-05-06T03:10:33Z">
          <reporter-output>
          </reporter-output>
        </test-method> <!-- clearCookies -->
        <test-method status="PASS" signature="quitDriver()[pri:0, instance:ui.LoginPageAT@78e67e0a]" name="quitDriver" is-config="true" duration-ms="30" started-at="2019-05-06T03:10:33Z" finished-at="2019-05-06T03:10:33Z">
          <reporter-output>
          </reporter-output>
        </test-method> <!-- quitDriver -->
        <test-method status="PASS" signature="closeDriverObjects()[pri:0, instance:ui.LoginPageAT@78e67e0a]" name="closeDriverObjects" is-config="true" duration-ms="1" started-at="2019-05-06T03:10:33Z" finished-at="2019-05-06T03:10:33Z">
          <reporter-output>
          </reporter-output>
        </test-method> <!-- closeDriverObjects -->
      </class> <!-- ui.LoginPageAT -->
    </test> <!-- regression -->
  </suite> <!-- Chrome -->
</testng-results>
